<?xml version="1.0" encoding="UTF-8"?>
<!-- Generated by org.testng.reporters.JUnitReportReporter -->
<testsuite hostname="Raj" failures="0" tests="1" name="testNG.CreateCampaign" time="49.646" errors="0" timestamp="2023-02-23T17:55:54 IST" skipped="0">
  <testcase classname="testNG.CreateCampaign" name="createCampaign" time="49.646"/>
  <system-out/>
</testsuite> <!-- testNG.CreateCampaign -->
