<?xml version="1.0" encoding="UTF-8"?>
<!-- Generated by org.testng.reporters.JUnitReportReporter -->
<testsuite hostname="Raj" failures="0" tests="2" name="testNGPractice.DataProviderVTiger" time="149.184" errors="0" timestamp="2023-02-22T17:47:09 IST" skipped="0">
  <testcase classname="testNGPractice.DataProviderVTiger" name="VTiger" time="96.008"/>
  <system-out/>
  <testcase classname="testNGPractice.DataProviderVTiger" name="VTiger" time="53.176"/>
  <system-out/>
</testsuite> <!-- testNGPractice.DataProviderVTiger -->
