<?xml version="1.0" encoding="UTF-8"?>
<!-- Generated by org.testng.reporters.JUnitReportReporter -->
<testsuite hostname="Raj" failures="0" tests="1" name="testNG.DeleteProduct" time="44.943" errors="0" timestamp="2023-02-23T18:03:04 IST" skipped="0">
  <testcase classname="testNG.DeleteProduct" name="deleteProduct" time="44.943"/>
  <system-out/>
</testsuite> <!-- testNG.DeleteProduct -->
