<?xml version="1.0" encoding="UTF-8"?>
<!-- Generated by org.testng.reporters.JUnitReportReporter -->
<testsuite hostname="Raj" failures="0" tests="4" name="testNG.PracticeInvocation" time="0.035" errors="0" timestamp="2023-02-22T16:41:16 IST" skipped="0">
  <testcase classname="testNG.PracticeInvocation" name="modify" time="0.006"/>
  <system-out/>
  <testcase classname="testNG.PracticeInvocation" name="modify" time="0.003"/>
  <system-out/>
  <testcase classname="testNG.PracticeInvocation" name="delete" time="0.003"/>
  <system-out/>
  <testcase classname="testNG.PracticeInvocation" name="create" time="0.023"/>
  <system-out/>
</testsuite> <!-- testNG.PracticeInvocation -->
