<?xml version="1.0" encoding="UTF-8"?>
<!-- Generated by org.testng.reporters.JUnitReportReporter -->
<testsuite hostname="Raj" failures="0" tests="1" name="testNG.DeleteProductTest" time="70.848" errors="0" timestamp="2023-02-28T11:11:50 IST" skipped="0">
  <testcase classname="testNG.DeleteProductTest" name="deleteProduct" time="70.848"/>
  <system-out/>
</testsuite> <!-- testNG.DeleteProductTest -->
