<?xml version="1.0" encoding="UTF-8"?>
<!-- Generated by org.testng.reporters.JUnitReportReporter -->
<testsuite hostname="Raj" failures="0" tests="1" name="testNG.CreateOrganization" time="78.352" errors="0" timestamp="2023-02-23T17:21:51 IST" skipped="0">
  <testcase classname="testNG.CreateOrganization" name="createOrganization" time="78.352"/>
  <system-out/>
</testsuite> <!-- testNG.CreateOrganization -->
