<?xml version="1.0" encoding="UTF-8"?>
<!-- Generated by org.testng.reporters.JUnitReportReporter -->
<testsuite hostname="Raj" failures="0" tests="1" name="testNG.CreateProduct" time="51.730" errors="0" timestamp="2023-02-23T17:59:36 IST" skipped="0">
  <testcase classname="testNG.CreateProduct" name="createProduct" time="51.730"/>
  <system-out/>
</testsuite> <!-- testNG.CreateProduct -->
