<?xml version="1.0" encoding="UTF-8"?>
<!-- Generated by org.testng.reporters.JUnitReportReporter -->
<testsuite hostname="Raj" failures="0" tests="2" name="testNGPractice.DataProviderPractice" time="0.120" errors="0" timestamp="2023-02-22T17:00:31 IST" skipped="0">
  <testcase classname="testNGPractice.DataProviderPractice" name="ticketBooking" time="0.015"/>
  <system-out/>
  <testcase classname="testNGPractice.DataProviderPractice" name="ticketBooking" time="0.105"/>
  <system-out/>
</testsuite> <!-- testNGPractice.DataProviderPractice -->
