<?xml version="1.0" encoding="UTF-8"?>
<!-- Generated by org.testng.reporters.JUnitReportReporter -->
<testsuite hostname="Raj" failures="0" tests="1" name="Organization.copy.CreateOrganizationTest" time="238.142" errors="0" timestamp="2023-02-21T17:40:27 IST" skipped="0">
  <testcase classname="Organization.copy.CreateOrganizationTest" name="createOrganizationTest" time="238.142"/>
  <system-out/>
</testsuite> <!-- Organization.copy.CreateOrganizationTest -->
