<?xml version="1.0" encoding="UTF-8"?>
<!-- Generated by org.testng.reporters.JUnitReportReporter -->
<testsuite hostname="Raj" failures="0" tests="1" name="testNG.CreateProductTest" time="113.970" errors="0" timestamp="2023-02-28T17:21:52 IST" skipped="0">
  <testcase classname="testNG.CreateProductTest" name="createProduct" time="113.970"/>
  <system-out/>
</testsuite> <!-- testNG.CreateProductTest -->
