<?xml version="1.0" encoding="UTF-8"?>
<!-- Generated by org.testng.reporters.JUnitReportReporter -->
<testsuite hostname="Raj" failures="0" tests="1" name="testNG.CampaignProduct" time="120.252" errors="0" timestamp="2023-02-23T17:46:23 IST" skipped="0">
  <testcase classname="testNG.CampaignProduct" name="campaignProduct" time="120.252"/>
  <system-out/>
</testsuite> <!-- testNG.CampaignProduct -->
