<?xml version="1.0" encoding="UTF-8"?>
<!-- Generated by org.testng.reporters.JUnitReportReporter -->
<testsuite hostname="Raj" failures="0" tests="1" name="testNG.CreateCampaignTest" time="55.290" errors="0" timestamp="2023-02-28T11:00:05 IST" skipped="0">
  <testcase classname="testNG.CreateCampaignTest" name="createCampaign" time="55.290"/>
  <system-out/>
</testsuite> <!-- testNG.CreateCampaignTest -->
