<?xml version="1.0" encoding="UTF-8"?>
<!-- Generated by org.testng.reporters.JUnitReportReporter -->
<testsuite hostname="Raj" failures="0" tests="3" name="testNG.Practice" time="0.027" errors="0" timestamp="2023-02-22T12:56:07 IST" skipped="0">
  <testcase classname="testNG.Practice" name="create" time="0.023"/>
  <system-out/>
  <testcase classname="testNG.Practice" name="modify" time="0.002"/>
  <system-out/>
  <testcase classname="testNG.Practice" name="delete" time="0.002"/>
  <system-out/>
</testsuite> <!-- testNG.Practice -->
